<?xml version="1.0" encoding="UTF-8"?>
<!-- Generated by org.testng.reporters.JUnitReportReporter -->
<testsuite hostname="LAPTOP-8PV5OBQH" failures="0" tests="1" name="sentil.redbus" time="7.496" errors="0" timestamp="2022-11-06T19:13:30 IST" skipped="0">
  <testcase classname="sentil.redbus" name="rebus" time="7.496"/>
  <system-out/>
</testsuite> <!-- sentil.redbus -->
