<?xml version="1.0" encoding="UTF-8"?>
<!-- Generated by org.testng.reporters.JUnitReportReporter -->
<testsuite hostname="LAPTOP-8PV5OBQH" failures="0" tests="1" name="sentil.datatable" time="11.482" errors="0" timestamp="2022-11-07T16:31:39 IST" skipped="0">
  <testcase classname="sentil.datatable" name="datatable" time="11.482"/>
  <system-out/>
</testsuite> <!-- sentil.datatable -->
