<?xml version="1.0" encoding="UTF-8"?>
<!-- Generated by org.testng.reporters.JUnitReportReporter -->
<testsuite skipped="0" hostname="LAPTOP-8PV5OBQH" name="runner.Runner" tests="1" failures="0" timestamp="2022-01-24T12:11:40 IST" time="26.960" errors="0">
  <testcase name="runScenario" time="26.960" classname="runner.Runner"/>
  <system-out/>
</testsuite> <!-- runner.Runner -->
